2019-09-24 13:22:05,844 [Worker-2: Loading available Gradle versions] INFO  o.e.b.c.i.u.g.PublishedGradleVersions - Gradle version information cache is up-to-date. Trying to read.
2019-09-24 13:22:53,907 [ModalContext] WARN  org.eclipse.jgit.util.FS - C:\Program Files\Git\mingw64\etc\.probe-e3da6dca-aea0-4f74-a577-a589a2b8d3a6
java.nio.file.AccessDeniedException: C:\Program Files\Git\mingw64\etc\.probe-e3da6dca-aea0-4f74-a577-a589a2b8d3a6
	at java.base/sun.nio.fs.WindowsException.translateToIOException(WindowsException.java:89) ~[na:na]
	at java.base/sun.nio.fs.WindowsException.rethrowAsIOException(WindowsException.java:103) ~[na:na]
	at java.base/sun.nio.fs.WindowsException.rethrowAsIOException(WindowsException.java:108) ~[na:na]
	at java.base/sun.nio.fs.WindowsFileSystemProvider.newByteChannel(WindowsFileSystemProvider.java:231) ~[na:na]
	at java.base/java.nio.file.Files.newByteChannel(Files.java:370) ~[na:na]
	at java.base/java.nio.file.Files.createFile(Files.java:647) ~[na:na]
	at org.eclipse.jgit.util.FS$FileStoreAttributeCache.<init>(FS.java:234) ~[na:na]
	at org.eclipse.jgit.util.FS$FileStoreAttributeCache.getFsTimestampResolution(FS.java:211) ~[na:na]
	at org.eclipse.jgit.util.FS.getFsTimerResolution(FS.java:321) ~[na:na]
	at org.eclipse.jgit.internal.storage.file.FileSnapshot.<init>(FileSnapshot.java:186) ~[na:na]
	at org.eclipse.jgit.internal.storage.file.FileSnapshot.save(FileSnapshot.java:122) ~[na:na]
	at org.eclipse.jgit.storage.file.FileBasedConfig.load(FileBasedConfig.java:156) ~[na:na]
	at org.eclipse.jgit.internal.storage.file.FileRepository.loadSystemConfig(FileRepository.java:245) ~[na:na]
	at org.eclipse.jgit.internal.storage.file.FileRepository.<init>(FileRepository.java:203) ~[na:na]
	at org.eclipse.jgit.lib.BaseRepositoryBuilder.build(BaseRepositoryBuilder.java:612) ~[na:na]
	at org.eclipse.jgit.api.InitCommand.call(InitCommand.java:123) ~[na:na]
	at org.eclipse.jgit.api.CloneCommand.init(CloneCommand.java:274) ~[na:na]
	at org.eclipse.jgit.api.CloneCommand.call(CloneCommand.java:195) ~[na:na]
	at org.bndtools.templating.jgit.GitCloneTemplate.generateOutputs(GitCloneTemplate.java:115) ~[na:na]
	at bndtools.wizards.workspace.WorkspacePreviewPage$1.run(WorkspacePreviewPage.java:91) ~[na:na]
	at org.eclipse.jface.operation.ModalContext$ModalContextThread.run(ModalContext.java:122) ~[org.eclipse.jface_3.16.0.v20190528-0922.jar:na]
2019-09-24 13:23:07,935 [Bnd-Processor,pool-4-thread-13] INFO  aQute.maven.provider.POM - Undefined property in POM[org.apache.aries.tx-control:tx-control-service-xa:1.0.0] : key project.parent.version
2019-09-24 13:23:07,936 [Bnd-Processor,pool-4-thread-25] INFO  aQute.maven.provider.POM - Undefined property in POM[org.apache.aries.tx-control:tx-control-provider-jdbc-parent:1.0.0] : key project.parent.version
2019-09-24 13:23:07,940 [Bnd-Processor,pool-4-thread-11] INFO  aQute.maven.provider.POM - Undefined property in POM[org.apache.aries.tx-control:tx-control-provider-jpa-xa:1.0.0] : key project.parent.version
2019-09-24 13:23:07,954 [Bnd-Processor,pool-4-thread-25] INFO  aQute.maven.provider.POM - Undefined property in POM[org.apache.aries.tx-control:tx-control-provider-jdbc-xa:1.0.0] : key project.parent.version
2019-09-24 13:23:08,233 [Bnd-Processor,pool-4-thread-9] INFO  aQute.maven.provider.POM - Undefined property in POM[org.codehaus.janino:janino:3.0.6] : key project.parent.version
2019-09-24 13:23:09,108 [Bnd-Processor,pool-4-thread-49] INFO  a.bnd.build.LoggingProgressPlugin - Download https://repo.maven.apache.org/maven2/xerces/xerces-impl/2.6.2/xerces-impl-2.6.2.pom
2019-09-24 13:23:09,110 [Bnd-Processor,pool-4-thread-18] INFO  a.bnd.build.LoggingProgressPlugin - Download https://repo.maven.apache.org/maven2/xml-apis/xml-apis/2.6.2/xml-apis-2.6.2.pom
2019-09-24 13:23:09,112 [Bnd-Processor,pool-4-thread-46] INFO  a.bnd.build.LoggingProgressPlugin - Download https://repo.maven.apache.org/maven2/org/multiverse/multiverse-beta/0.7-RC-1/multiverse-beta-0.7-RC-1.pom
2019-09-24 13:23:09,338 [Bnd-Processor,pool-4-thread-66] INFO  a.bnd.build.LoggingProgressPlugin - Download https://repo.maven.apache.org/maven2/maven-plugins/maven-cobertura-plugin/1.3/maven-cobertura-plugin-1.3.plugin
2019-09-24 13:23:09,358 [Bnd-Processor,pool-4-thread-14] INFO  a.bnd.build.LoggingProgressPlugin - Download https://repo.maven.apache.org/maven2/maven-plugins/maven-findbugs-plugin/1.3.1/maven-findbugs-plugin-1.3.1.plugin
2019-09-24 13:23:09,399 [Bnd-Processor,pool-4-thread-46] INFO  a.bnd.build.LoggingProgressPlugin - Download https://repo.maven.apache.org/maven2/org/multiverse/multiverse-beta/0.7-RC-1/multiverse-beta-0.7-RC-1.pom.sha1
2019-09-24 13:23:09,413 [Bnd-Processor,pool-4-thread-18] INFO  a.bnd.build.LoggingProgressPlugin - Download https://repo.maven.apache.org/maven2/xml-apis/xml-apis/2.6.2/xml-apis-2.6.2.jar
2019-09-24 13:23:09,477 [Bnd-Processor,pool-4-thread-58] INFO  a.bnd.build.LoggingProgressPlugin - Download https://repo.maven.apache.org/maven2/xerces/xerces-impl/2.6.2/xerces-impl-2.6.2.jar
2019-09-24 13:23:10,579 [Bnd-Processor,pool-4-thread-46] INFO  a.bnd.build.LoggingProgressPlugin - Download https://repo.maven.apache.org/maven2/org/multiverse/multiverse-beta/0.7-RC-1/multiverse-beta-0.7-RC-1.pom
2019-09-24 13:23:10,603 [Bnd-Processor,pool-4-thread-46] INFO  a.bnd.build.LoggingProgressPlugin - Download https://repo.maven.apache.org/maven2/org/multiverse/multiverse-beta/0.7-RC-1/multiverse-beta-0.7-RC-1.pom.sha1
2019-09-24 13:23:12,627 [Bnd-Processor,pool-4-thread-46] INFO  a.bnd.build.LoggingProgressPlugin - Download https://repo.maven.apache.org/maven2/org/multiverse/multiverse-beta/0.7-RC-1/multiverse-beta-0.7-RC-1.pom
2019-09-24 13:23:12,658 [Bnd-Processor,pool-4-thread-46] INFO  a.bnd.build.LoggingProgressPlugin - Download https://repo.maven.apache.org/maven2/org/multiverse/multiverse-beta/0.7-RC-1/multiverse-beta-0.7-RC-1.pom.sha1
2019-09-24 13:23:15,688 [Bnd-Processor,pool-4-thread-46] INFO  a.bnd.build.LoggingProgressPlugin - Download https://repo.maven.apache.org/maven2/org/multiverse/multiverse-beta/0.7-RC-1/multiverse-beta-0.7-RC-1.pom
2019-09-24 13:23:15,711 [Bnd-Processor,pool-4-thread-46] INFO  a.bnd.build.LoggingProgressPlugin - Download https://repo.maven.apache.org/maven2/org/multiverse/multiverse-beta/0.7-RC-1/multiverse-beta-0.7-RC-1.pom.sha1
2019-09-24 13:28:20,137 [Worker-16: Resolving bnd.bnd] INFO  a.b.d.repository.ReporterLogService - Using frameowork org.eclipse.osgi;[3.13.100.v20180827-1536,3.13.100.v20180827-1536]
2019-09-24 13:28:20,948 [Worker-16: Resolving bnd.bnd] INFO  a.b.d.repository.ReporterLogService - Using frameowork org.eclipse.osgi;[3.13.100.v20180827-1536,3.13.100.v20180827-1536]
2019-09-24 13:41:45,149 [Worker-20: Resolving bnd.bnd] INFO  a.b.d.repository.ReporterLogService - Using frameowork org.eclipse.osgi;[3.13.100.v20180827-1536,3.13.100.v20180827-1536]
2019-09-24 13:41:45,727 [Worker-20: Resolving bnd.bnd] INFO  a.b.d.repository.ReporterLogService - Using frameowork org.eclipse.osgi;[3.13.100.v20180827-1536,3.13.100.v20180827-1536]
2019-09-24 14:13:48,636 [Worker-31: Resolving bnd.bnd] INFO  a.b.d.repository.ReporterLogService - Using frameowork org.eclipse.osgi;[3.13.100.v20180827-1536,3.13.100.v20180827-1536]
2019-09-24 14:13:49,136 [Worker-31: Resolving bnd.bnd] INFO  a.b.d.repository.ReporterLogService - Using frameowork org.eclipse.osgi;[3.13.100.v20180827-1536,3.13.100.v20180827-1536]
2019-09-24 14:42:35,446 [Worker-48: Resolving bnd.bnd] INFO  a.b.d.repository.ReporterLogService - Using frameowork org.eclipse.osgi;[3.13.100.v20180827-1536,3.13.100.v20180827-1536]
2019-09-24 14:42:36,011 [Worker-48: Resolving bnd.bnd] INFO  a.b.d.repository.ReporterLogService - Using frameowork org.eclipse.osgi;[3.13.100.v20180827-1536,3.13.100.v20180827-1536]
2019-09-24 14:42:42,531 [Worker-31: Resolving bnd.bnd] INFO  a.b.d.repository.ReporterLogService - Using frameowork org.eclipse.osgi;[3.13.100.v20180827-1536,3.13.100.v20180827-1536]
2019-09-24 14:42:42,996 [Worker-31: Resolving bnd.bnd] INFO  a.b.d.repository.ReporterLogService - Using frameowork org.eclipse.osgi;[3.13.100.v20180827-1536,3.13.100.v20180827-1536]
2019-09-24 15:02:08,580 [Worker-55: Resolving bnd.bnd] INFO  a.b.d.repository.ReporterLogService - Using frameowork org.eclipse.osgi;[3.13.100.v20180827-1536,3.13.100.v20180827-1536]
2019-09-24 15:02:09,061 [Worker-55: Resolving bnd.bnd] INFO  a.b.d.repository.ReporterLogService - Using frameowork org.eclipse.osgi;[3.13.100.v20180827-1536,3.13.100.v20180827-1536]
2019-09-24 15:02:20,186 [Worker-55: Resolving bnd.bnd] INFO  a.b.d.repository.ReporterLogService - Using frameowork org.eclipse.osgi;[3.13.100.v20180827-1536,3.13.100.v20180827-1536]
2019-09-24 15:02:20,612 [Worker-55: Resolving bnd.bnd] INFO  a.b.d.repository.ReporterLogService - Using frameowork org.eclipse.osgi;[3.13.100.v20180827-1536,3.13.100.v20180827-1536]
2019-09-24 16:16:11,418 [Worker-2: Loading available Gradle versions] INFO  o.e.b.c.i.u.g.PublishedGradleVersions - Gradle version information cache is up-to-date. Trying to read.
2019-09-24 16:16:13,037 [Bnd-Processor,pool-4-thread-31] INFO  aQute.maven.provider.POM - Undefined property in POM[org.apache.aries.tx-control:tx-control-provider-jdbc-parent:1.0.0] : key project.parent.version
2019-09-24 16:16:13,054 [Bnd-Processor,pool-4-thread-31] INFO  aQute.maven.provider.POM - Undefined property in POM[org.apache.aries.tx-control:tx-control-provider-jdbc-xa:1.0.0] : key project.parent.version
2019-09-24 16:16:13,090 [Bnd-Processor,pool-4-thread-30] INFO  aQute.maven.provider.POM - Undefined property in POM[org.apache.aries.tx-control:tx-control-service-xa:1.0.0] : key project.parent.version
2019-09-24 16:16:13,292 [Bnd-Processor,pool-4-thread-32] INFO  aQute.maven.provider.POM - Undefined property in POM[org.apache.aries.tx-control:tx-control-provider-jpa-xa:1.0.0] : key project.parent.version
2019-09-24 16:16:13,446 [Bnd-Processor,pool-4-thread-16] INFO  aQute.maven.provider.POM - Undefined property in POM[org.codehaus.janino:janino:3.0.6] : key project.parent.version
2019-09-24 16:16:14,299 [Bnd-Processor,pool-4-thread-43] INFO  a.bnd.build.LoggingProgressPlugin - Download https://repo.maven.apache.org/maven2/xerces/xerces-impl/2.6.2/xerces-impl-2.6.2.pom
2019-09-24 16:16:14,354 [Bnd-Processor,pool-4-thread-49] INFO  a.bnd.build.LoggingProgressPlugin - Download https://repo.maven.apache.org/maven2/xml-apis/xml-apis/2.6.2/xml-apis-2.6.2.pom
2019-09-24 16:16:14,517 [Bnd-Processor,pool-4-thread-12] INFO  a.bnd.build.LoggingProgressPlugin - Download https://repo.maven.apache.org/maven2/org/multiverse/multiverse-beta/0.7-RC-1/multiverse-beta-0.7-RC-1.pom
2019-09-24 16:16:14,814 [Bnd-Processor,pool-4-thread-46] INFO  a.bnd.build.LoggingProgressPlugin - Download https://repo.maven.apache.org/maven2/maven-plugins/maven-cobertura-plugin/1.3/maven-cobertura-plugin-1.3.plugin
2019-09-24 16:16:14,848 [Bnd-Processor,pool-4-thread-18] INFO  a.bnd.build.LoggingProgressPlugin - Download https://repo.maven.apache.org/maven2/maven-plugins/maven-findbugs-plugin/1.3.1/maven-findbugs-plugin-1.3.1.plugin
2019-09-24 16:16:15,257 [Bnd-Processor,pool-4-thread-32] INFO  a.bnd.build.LoggingProgressPlugin - Download https://repo.maven.apache.org/maven2/xml-apis/xml-apis/2.6.2/xml-apis-2.6.2.jar
2019-09-24 16:16:15,257 [Bnd-Processor,pool-4-thread-34] INFO  a.bnd.build.LoggingProgressPlugin - Download https://repo.maven.apache.org/maven2/xerces/xerces-impl/2.6.2/xerces-impl-2.6.2.jar
2019-09-24 16:16:15,259 [Bnd-Processor,pool-4-thread-12] INFO  a.bnd.build.LoggingProgressPlugin - Download https://repo.maven.apache.org/maven2/org/multiverse/multiverse-beta/0.7-RC-1/multiverse-beta-0.7-RC-1.pom.sha1
2019-09-24 16:16:16,366 [Bnd-Processor,pool-4-thread-12] INFO  a.bnd.build.LoggingProgressPlugin - Download https://repo.maven.apache.org/maven2/org/multiverse/multiverse-beta/0.7-RC-1/multiverse-beta-0.7-RC-1.pom
2019-09-24 16:16:16,391 [Bnd-Processor,pool-4-thread-12] INFO  a.bnd.build.LoggingProgressPlugin - Download https://repo.maven.apache.org/maven2/org/multiverse/multiverse-beta/0.7-RC-1/multiverse-beta-0.7-RC-1.pom.sha1
2019-09-24 16:16:18,414 [Bnd-Processor,pool-4-thread-12] INFO  a.bnd.build.LoggingProgressPlugin - Download https://repo.maven.apache.org/maven2/org/multiverse/multiverse-beta/0.7-RC-1/multiverse-beta-0.7-RC-1.pom
2019-09-24 16:16:18,441 [Bnd-Processor,pool-4-thread-12] INFO  a.bnd.build.LoggingProgressPlugin - Download https://repo.maven.apache.org/maven2/org/multiverse/multiverse-beta/0.7-RC-1/multiverse-beta-0.7-RC-1.pom.sha1
2019-09-24 16:16:21,464 [Bnd-Processor,pool-4-thread-12] INFO  a.bnd.build.LoggingProgressPlugin - Download https://repo.maven.apache.org/maven2/org/multiverse/multiverse-beta/0.7-RC-1/multiverse-beta-0.7-RC-1.pom
2019-09-24 16:16:21,488 [Bnd-Processor,pool-4-thread-12] INFO  a.bnd.build.LoggingProgressPlugin - Download https://repo.maven.apache.org/maven2/org/multiverse/multiverse-beta/0.7-RC-1/multiverse-beta-0.7-RC-1.pom.sha1
2019-09-24 16:30:30,187 [Worker-11: Resolving bnd.bnd] INFO  a.b.d.repository.ReporterLogService - Using frameowork org.eclipse.osgi;[3.13.100.v20180827-1536,3.13.100.v20180827-1536]
2019-09-24 16:37:12,395 [Worker-26: Resolving bnd.bnd] INFO  a.b.d.repository.ReporterLogService - Using frameowork org.eclipse.osgi;[3.13.100.v20180827-1536,3.13.100.v20180827-1536]
2019-09-24 16:38:26,937 [Worker-22: Resolving bnd.bnd] INFO  a.b.d.repository.ReporterLogService - Using frameowork org.eclipse.osgi;[3.13.100.v20180827-1536,3.13.100.v20180827-1536]
2019-09-24 16:38:27,042 [Worker-22: Resolving bnd.bnd] INFO  a.b.d.repository.ReporterLogService - Using frameowork org.eclipse.osgi;[3.13.100.v20180827-1536,3.13.100.v20180827-1536]
2019-09-24 16:38:48,723 [Worker-26: Resolving bnd.bnd] INFO  a.b.d.repository.ReporterLogService - Using frameowork org.eclipse.osgi;[3.13.100.v20180827-1536,3.13.100.v20180827-1536]
2019-09-24 16:38:56,957 [Worker-24: Resolving bnd.bnd] INFO  a.b.d.repository.ReporterLogService - Using frameowork org.eclipse.osgi;[3.13.100.v20180827-1536,3.13.100.v20180827-1536]
2019-09-24 16:38:57,010 [Worker-24: Resolving bnd.bnd] INFO  a.b.d.repository.ReporterLogService - Using frameowork org.eclipse.osgi;[3.13.100.v20180827-1536,3.13.100.v20180827-1536]
2019-09-24 16:39:34,494 [Worker-2: Loading available Gradle versions] INFO  o.e.b.c.i.u.g.PublishedGradleVersions - Gradle version information cache is up-to-date. Trying to read.
2019-09-24 16:39:36,382 [Bnd-Processor,pool-4-thread-32] INFO  aQute.maven.provider.POM - Undefined property in POM[org.apache.aries.tx-control:tx-control-service-xa:1.0.0] : key project.parent.version
2019-09-24 16:39:36,465 [Bnd-Processor,pool-4-thread-33] INFO  aQute.maven.provider.POM - Undefined property in POM[org.apache.aries.tx-control:tx-control-provider-jdbc-parent:1.0.0] : key project.parent.version
2019-09-24 16:39:36,517 [Bnd-Processor,pool-4-thread-35] INFO  aQute.maven.provider.POM - Undefined property in POM[org.codehaus.janino:janino:3.0.6] : key project.parent.version
2019-09-24 16:39:36,518 [Bnd-Processor,pool-4-thread-33] INFO  aQute.maven.provider.POM - Undefined property in POM[org.apache.aries.tx-control:tx-control-provider-jdbc-xa:1.0.0] : key project.parent.version
2019-09-24 16:39:36,634 [Bnd-Processor,pool-4-thread-34] INFO  aQute.maven.provider.POM - Undefined property in POM[org.apache.aries.tx-control:tx-control-provider-jpa-xa:1.0.0] : key project.parent.version
2019-09-24 16:39:37,259 [Bnd-Processor,pool-4-thread-65] INFO  a.bnd.build.LoggingProgressPlugin - Download https://repo.maven.apache.org/maven2/xerces/xerces-impl/2.6.2/xerces-impl-2.6.2.pom
2019-09-24 16:39:37,260 [Bnd-Processor,pool-4-thread-10] INFO  a.bnd.build.LoggingProgressPlugin - Download https://repo.maven.apache.org/maven2/xml-apis/xml-apis/2.6.2/xml-apis-2.6.2.pom
2019-09-24 16:39:37,402 [Bnd-Processor,pool-4-thread-15] INFO  a.bnd.build.LoggingProgressPlugin - Download https://repo.maven.apache.org/maven2/maven-plugins/maven-cobertura-plugin/1.3/maven-cobertura-plugin-1.3.plugin
2019-09-24 16:39:37,428 [Bnd-Processor,pool-4-thread-43] INFO  a.bnd.build.LoggingProgressPlugin - Download https://repo.maven.apache.org/maven2/maven-plugins/maven-findbugs-plugin/1.3.1/maven-findbugs-plugin-1.3.1.plugin
2019-09-24 16:39:38,021 [Bnd-Processor,pool-4-thread-40] INFO  a.bnd.build.LoggingProgressPlugin - Download https://repo.maven.apache.org/maven2/org/multiverse/multiverse-beta/0.7-RC-1/multiverse-beta-0.7-RC-1.pom
2019-09-24 16:39:38,112 [Bnd-Processor,pool-4-thread-65] INFO  a.bnd.build.LoggingProgressPlugin - Download https://repo.maven.apache.org/maven2/xerces/xerces-impl/2.6.2/xerces-impl-2.6.2.jar
2019-09-24 16:39:38,112 [Bnd-Processor,pool-4-thread-10] INFO  a.bnd.build.LoggingProgressPlugin - Download https://repo.maven.apache.org/maven2/xml-apis/xml-apis/2.6.2/xml-apis-2.6.2.jar
2019-09-24 16:39:38,132 [Bnd-Processor,pool-4-thread-40] INFO  a.bnd.build.LoggingProgressPlugin - Download https://repo.maven.apache.org/maven2/org/multiverse/multiverse-beta/0.7-RC-1/multiverse-beta-0.7-RC-1.pom.sha1
2019-09-24 16:39:39,201 [Bnd-Processor,pool-4-thread-40] INFO  a.bnd.build.LoggingProgressPlugin - Download https://repo.maven.apache.org/maven2/org/multiverse/multiverse-beta/0.7-RC-1/multiverse-beta-0.7-RC-1.pom
2019-09-24 16:39:39,264 [Bnd-Processor,pool-4-thread-40] INFO  a.bnd.build.LoggingProgressPlugin - Download https://repo.maven.apache.org/maven2/org/multiverse/multiverse-beta/0.7-RC-1/multiverse-beta-0.7-RC-1.pom.sha1
2019-09-24 16:39:41,288 [Bnd-Processor,pool-4-thread-40] INFO  a.bnd.build.LoggingProgressPlugin - Download https://repo.maven.apache.org/maven2/org/multiverse/multiverse-beta/0.7-RC-1/multiverse-beta-0.7-RC-1.pom
2019-09-24 16:39:41,315 [Bnd-Processor,pool-4-thread-40] INFO  a.bnd.build.LoggingProgressPlugin - Download https://repo.maven.apache.org/maven2/org/multiverse/multiverse-beta/0.7-RC-1/multiverse-beta-0.7-RC-1.pom.sha1
2019-09-24 16:39:44,391 [Bnd-Processor,pool-4-thread-40] INFO  a.bnd.build.LoggingProgressPlugin - Download https://repo.maven.apache.org/maven2/org/multiverse/multiverse-beta/0.7-RC-1/multiverse-beta-0.7-RC-1.pom
2019-09-24 16:39:44,421 [Bnd-Processor,pool-4-thread-40] INFO  a.bnd.build.LoggingProgressPlugin - Download https://repo.maven.apache.org/maven2/org/multiverse/multiverse-beta/0.7-RC-1/multiverse-beta-0.7-RC-1.pom.sha1
2019-09-24 16:40:26,468 [Worker-14: Resolving bnd.bnd] INFO  a.b.d.repository.ReporterLogService - Using frameowork org.eclipse.osgi;[3.13.100.v20180827-1536,3.13.100.v20180827-1536]
2019-09-24 16:40:26,601 [Worker-14: Resolving bnd.bnd] INFO  a.b.d.repository.ReporterLogService - Using frameowork org.eclipse.osgi;[3.13.100.v20180827-1536,3.13.100.v20180827-1536]
2019-09-24 16:41:01,078 [Worker-7: Resolving bnd.bnd] INFO  a.b.d.repository.ReporterLogService - Using frameowork org.eclipse.osgi;[3.13.100.v20180827-1536,3.13.100.v20180827-1536]
2019-09-24 16:41:01,129 [Worker-7: Resolving bnd.bnd] INFO  a.b.d.repository.ReporterLogService - Using frameowork org.eclipse.osgi;[3.13.100.v20180827-1536,3.13.100.v20180827-1536]
2019-09-24 16:41:09,997 [Worker-7: Resolving bnd.bnd] INFO  a.b.d.repository.ReporterLogService - Using frameowork org.eclipse.osgi;[3.13.100.v20180827-1536,3.13.100.v20180827-1536]
2019-09-24 16:41:10,047 [Worker-7: Resolving bnd.bnd] INFO  a.b.d.repository.ReporterLogService - Using frameowork org.eclipse.osgi;[3.13.100.v20180827-1536,3.13.100.v20180827-1536]
2019-09-24 16:41:36,503 [Worker-12: Resolving bnd.bnd] INFO  a.b.d.repository.ReporterLogService - Using frameowork org.eclipse.osgi;[3.13.100.v20180827-1536,3.13.100.v20180827-1536]
2019-09-24 16:41:36,567 [Worker-12: Resolving bnd.bnd] INFO  a.b.d.repository.ReporterLogService - Using frameowork org.eclipse.osgi;[3.13.100.v20180827-1536,3.13.100.v20180827-1536]
2019-09-24 16:41:43,477 [Worker-13: Resolving bnd.bnd] INFO  a.b.d.repository.ReporterLogService - Using frameowork org.eclipse.osgi;[3.13.100.v20180827-1536,3.13.100.v20180827-1536]
2019-09-24 16:41:43,528 [Worker-13: Resolving bnd.bnd] INFO  a.b.d.repository.ReporterLogService - Using frameowork org.eclipse.osgi;[3.13.100.v20180827-1536,3.13.100.v20180827-1536]
2019-09-24 16:47:54,375 [Worker-15: Resolving bnd.bnd] INFO  a.b.d.repository.ReporterLogService - Using frameowork org.eclipse.osgi;[3.13.100.v20180827-1536,3.13.100.v20180827-1536]
2019-09-24 16:47:55,014 [Worker-15: Resolving bnd.bnd] INFO  a.b.d.repository.ReporterLogService - Using frameowork org.eclipse.osgi;[3.13.100.v20180827-1536,3.13.100.v20180827-1536]
2019-09-24 16:48:14,399 [Worker-15: Resolving bnd.bnd] INFO  a.b.d.repository.ReporterLogService - Using frameowork org.eclipse.osgi;[3.13.100.v20180827-1536,3.13.100.v20180827-1536]
2019-09-24 16:48:14,874 [Worker-15: Resolving bnd.bnd] INFO  a.b.d.repository.ReporterLogService - Using frameowork org.eclipse.osgi;[3.13.100.v20180827-1536,3.13.100.v20180827-1536]
2019-09-24 17:10:18,436 [Worker-20: Resolving bnd.bnd] INFO  a.b.d.repository.ReporterLogService - Using frameowork org.eclipse.osgi;[3.13.100.v20180827-1536,3.13.100.v20180827-1536]
2019-09-24 17:16:02,029 [Worker-18: Resolving bnd.bnd] INFO  a.b.d.repository.ReporterLogService - Using frameowork org.eclipse.osgi;[3.13.100.v20180827-1536,3.13.100.v20180827-1536]
2019-09-24 17:16:02,558 [Worker-18: Resolving bnd.bnd] INFO  a.b.d.repository.ReporterLogService - Using frameowork org.eclipse.osgi;[3.13.100.v20180827-1536,3.13.100.v20180827-1536]
2019-09-24 17:18:22,558 [Worker-16: Resolving bnd.bnd] INFO  a.b.d.repository.ReporterLogService - Using frameowork org.eclipse.osgi;[3.13.100.v20180827-1536,3.13.100.v20180827-1536]
2019-09-24 17:18:23,224 [Worker-16: Resolving bnd.bnd] INFO  a.b.d.repository.ReporterLogService - Using frameowork org.eclipse.osgi;[3.13.100.v20180827-1536,3.13.100.v20180827-1536]
2019-09-24 18:14:39,974 [Worker-47: Resolving launch.bndrun] INFO  a.b.d.repository.ReporterLogService - Using frameowork org.eclipse.osgi;3.13
2019-09-24 18:14:51,097 [Worker-21: Resolving bnd.bnd] INFO  a.b.d.repository.ReporterLogService - Using frameowork org.eclipse.osgi;[3.13.100.v20180827-1536,3.13.100.v20180827-1536]
2019-09-24 18:14:51,586 [Worker-21: Resolving bnd.bnd] INFO  a.b.d.repository.ReporterLogService - Using frameowork org.eclipse.osgi;[3.13.100.v20180827-1536,3.13.100.v20180827-1536]
2019-09-24 18:18:02,177 [Worker-50: Resolving launch.bndrun] INFO  a.b.d.repository.ReporterLogService - Using frameowork org.eclipse.osgi;3.13
2019-09-24 18:18:15,586 [Worker-49: Resolving launch.bndrun] INFO  a.b.d.repository.ReporterLogService - Using frameowork org.eclipse.osgi;3.13
2019-09-24 18:18:16,059 [Worker-49: Resolving launch.bndrun] INFO  a.b.d.repository.ReporterLogService - Using frameowork org.eclipse.osgi;3.13
2019-10-10 18:27:34,755 [Worker-2: Loading available Gradle versions] INFO  o.e.b.c.i.u.g.PublishedGradleVersions - Gradle version information cache is out-of-date. Trying to update.
2019-10-10 18:27:36,713 [Bnd-Processor,pool-4-thread-32] INFO  aQute.maven.provider.POM - Undefined property in POM[org.apache.aries.tx-control:tx-control-provider-jpa-xa:1.0.0] : key project.parent.version
2019-10-10 18:27:36,731 [Bnd-Processor,pool-4-thread-31] INFO  aQute.maven.provider.POM - Undefined property in POM[org.apache.aries.tx-control:tx-control-provider-jdbc-parent:1.0.0] : key project.parent.version
2019-10-10 18:27:36,734 [Bnd-Processor,pool-4-thread-31] INFO  aQute.maven.provider.POM - Undefined property in POM[org.apache.aries.tx-control:tx-control-provider-jdbc-xa:1.0.0] : key project.parent.version
2019-10-10 18:27:36,866 [Bnd-Processor,pool-4-thread-30] INFO  aQute.maven.provider.POM - Undefined property in POM[org.apache.aries.tx-control:tx-control-service-xa:1.0.0] : key project.parent.version
2019-10-10 18:27:37,196 [Bnd-Processor,pool-4-thread-21] INFO  aQute.maven.provider.POM - Undefined property in POM[org.codehaus.janino:janino:3.0.6] : key project.parent.version
2019-10-10 18:27:38,082 [Bnd-Processor,pool-4-thread-60] INFO  a.bnd.build.LoggingProgressPlugin - Download https://repo.maven.apache.org/maven2/xml-apis/xml-apis/2.6.2/xml-apis-2.6.2.pom
2019-10-10 18:27:38,084 [Bnd-Processor,pool-4-thread-27] INFO  a.bnd.build.LoggingProgressPlugin - Download https://repo.maven.apache.org/maven2/xerces/xerces-impl/2.6.2/xerces-impl-2.6.2.pom
2019-10-10 18:27:38,236 [Bnd-Processor,pool-4-thread-51] INFO  a.bnd.build.LoggingProgressPlugin - Download https://repo.maven.apache.org/maven2/maven-plugins/maven-findbugs-plugin/1.3.1/maven-findbugs-plugin-1.3.1.plugin
2019-10-10 18:27:38,345 [Bnd-Processor,pool-4-thread-22] INFO  a.bnd.build.LoggingProgressPlugin - Download https://repo.maven.apache.org/maven2/maven-plugins/maven-cobertura-plugin/1.3/maven-cobertura-plugin-1.3.plugin
2019-10-10 18:27:38,610 [Bnd-Processor,pool-4-thread-27] INFO  a.bnd.build.LoggingProgressPlugin - Download https://repo.maven.apache.org/maven2/xml-apis/xml-apis/2.6.2/xml-apis-2.6.2.jar
2019-10-10 18:27:38,637 [Bnd-Processor,pool-4-thread-37] INFO  a.bnd.build.LoggingProgressPlugin - Download https://repo.maven.apache.org/maven2/xerces/xerces-impl/2.6.2/xerces-impl-2.6.2.jar
2019-10-10 18:27:38,789 [Bnd-Processor,pool-4-thread-21] INFO  a.bnd.build.LoggingProgressPlugin - Download https://repo.maven.apache.org/maven2/org/multiverse/multiverse-beta/0.7-RC-1/multiverse-beta-0.7-RC-1.pom
2019-10-10 18:27:38,873 [Bnd-Processor,pool-4-thread-21] INFO  a.bnd.build.LoggingProgressPlugin - Download https://repo.maven.apache.org/maven2/org/multiverse/multiverse-beta/0.7-RC-1/multiverse-beta-0.7-RC-1.pom.sha1
2019-10-10 18:27:39,906 [Bnd-Processor,pool-4-thread-21] INFO  a.bnd.build.LoggingProgressPlugin - Download https://repo.maven.apache.org/maven2/org/multiverse/multiverse-beta/0.7-RC-1/multiverse-beta-0.7-RC-1.pom
2019-10-10 18:27:39,927 [Bnd-Processor,pool-4-thread-21] INFO  a.bnd.build.LoggingProgressPlugin - Download https://repo.maven.apache.org/maven2/org/multiverse/multiverse-beta/0.7-RC-1/multiverse-beta-0.7-RC-1.pom.sha1
2019-10-10 18:27:41,950 [Bnd-Processor,pool-4-thread-21] INFO  a.bnd.build.LoggingProgressPlugin - Download https://repo.maven.apache.org/maven2/org/multiverse/multiverse-beta/0.7-RC-1/multiverse-beta-0.7-RC-1.pom
2019-10-10 18:27:41,971 [Bnd-Processor,pool-4-thread-21] INFO  a.bnd.build.LoggingProgressPlugin - Download https://repo.maven.apache.org/maven2/org/multiverse/multiverse-beta/0.7-RC-1/multiverse-beta-0.7-RC-1.pom.sha1
2019-10-10 18:27:44,991 [Bnd-Processor,pool-4-thread-21] INFO  a.bnd.build.LoggingProgressPlugin - Download https://repo.maven.apache.org/maven2/org/multiverse/multiverse-beta/0.7-RC-1/multiverse-beta-0.7-RC-1.pom
2019-10-10 18:27:45,012 [Bnd-Processor,pool-4-thread-21] INFO  a.bnd.build.LoggingProgressPlugin - Download https://repo.maven.apache.org/maven2/org/multiverse/multiverse-beta/0.7-RC-1/multiverse-beta-0.7-RC-1.pom.sha1
2019-10-10 19:15:28,430 [Worker-4: Loading available Gradle versions] INFO  o.e.b.c.i.u.g.PublishedGradleVersions - Gradle version information cache is up-to-date. Trying to read.
2019-10-10 19:15:30,535 [Bnd-Executor,pool-4-thread-29] INFO  aQute.maven.provider.POM - Undefined property in POM[org.apache.aries.tx-control:tx-control-service-xa:1.0.0] : key project.parent.version
2019-10-10 19:15:30,555 [Bnd-Executor,pool-4-thread-30] INFO  aQute.maven.provider.POM - Undefined property in POM[org.apache.aries.tx-control:tx-control-provider-jdbc-parent:1.0.0] : key project.parent.version
2019-10-10 19:15:30,596 [Bnd-Executor,pool-4-thread-30] INFO  aQute.maven.provider.POM - Undefined property in POM[org.apache.aries.tx-control:tx-control-provider-jdbc-xa:1.0.0] : key project.parent.version
2019-10-10 19:15:30,636 [Bnd-Executor,pool-4-thread-26] INFO  aQute.maven.provider.POM - Undefined property in POM[org.codehaus.janino:janino:3.0.6] : key project.parent.version
2019-10-10 19:15:30,829 [Bnd-Executor,pool-4-thread-44] INFO  aQute.bnd.http.HttpClient - Retrying failed connection. url=https://repo.maven.apache.org/maven2/org/codehaus/janino/commons-compiler/${project.parent.version}/commons-compiler-${project.parent.version}.pom, message=Illegal character in path at index 75: https://repo.maven.apache.org/maven2/org/codehaus/janino/commons-compiler/${project.parent.version}/commons-compiler-${project.parent.version}.pom, delay=1000, retries=3
2019-10-10 19:15:30,834 [Bnd-Executor,pool-4-thread-30] INFO  aQute.bnd.http.HttpClient - Retrying failed connection. url=https://repo.maven.apache.org/maven2/org/apache/aries/tx-control/tx-control-provider-common/${project.parent.version}/tx-control-provider-common-${project.parent.version}.pom, message=Illegal character in path at index 93: https://repo.maven.apache.org/maven2/org/apache/aries/tx-control/tx-control-provider-common/${project.parent.version}/tx-control-provider-common-${project.parent.version}.pom, delay=1000, retries=3
2019-10-10 19:15:30,863 [Bnd-Executor,pool-4-thread-31] INFO  aQute.maven.provider.POM - Undefined property in POM[org.apache.aries.tx-control:tx-control-provider-jpa-xa:1.0.0] : key project.parent.version
2019-10-10 19:15:31,729 [HttpClient,https://repo.maven.apache.org/maven2/xml-apis/xml-apis/2.6.2/xml-apis-2.6.2.pom] INFO  a.bnd.build.LoggingProgressPlugin - Download https://repo.maven.apache.org/maven2/xml-apis/xml-apis/2.6.2/xml-apis-2.6.2.pom
2019-10-10 19:15:31,761 [HttpClient,https://repo.maven.apache.org/maven2/xerces/xerces-impl/2.6.2/xerces-impl-2.6.2.pom] INFO  a.bnd.build.LoggingProgressPlugin - Download https://repo.maven.apache.org/maven2/xerces/xerces-impl/2.6.2/xerces-impl-2.6.2.pom
2019-10-10 19:15:31,984 [Bnd-Executor,pool-4-thread-58] INFO  aQute.bnd.http.HttpClient - Retrying failed connection. url=https://repo.maven.apache.org/maven2/org/apache/aries/tx-control/tx-control-provider-common/${project.parent.version}/tx-control-provider-common-${project.parent.version}.pom, message=Illegal character in path at index 93: https://repo.maven.apache.org/maven2/org/apache/aries/tx-control/tx-control-provider-common/${project.parent.version}/tx-control-provider-common-${project.parent.version}.pom, delay=2000, retries=2
2019-10-10 19:15:31,984 [Bnd-Executor,pool-4-thread-58] INFO  aQute.bnd.http.HttpClient - Retrying failed connection. url=https://repo.maven.apache.org/maven2/org/codehaus/janino/commons-compiler/${project.parent.version}/commons-compiler-${project.parent.version}.pom, message=Illegal character in path at index 75: https://repo.maven.apache.org/maven2/org/codehaus/janino/commons-compiler/${project.parent.version}/commons-compiler-${project.parent.version}.pom, delay=2000, retries=2
2019-10-10 19:15:32,319 [HttpClient,https://repo.maven.apache.org/maven2/maven-plugins/maven-findbugs-plugin/1.3.1/maven-findbugs-plugin-1.3.1.plugin] INFO  a.bnd.build.LoggingProgressPlugin - Download https://repo.maven.apache.org/maven2/maven-plugins/maven-findbugs-plugin/1.3.1/maven-findbugs-plugin-1.3.1.plugin
2019-10-10 19:15:32,363 [HttpClient,https://repo.maven.apache.org/maven2/maven-plugins/maven-cobertura-plugin/1.3/maven-cobertura-plugin-1.3.plugin] INFO  a.bnd.build.LoggingProgressPlugin - Download https://repo.maven.apache.org/maven2/maven-plugins/maven-cobertura-plugin/1.3/maven-cobertura-plugin-1.3.plugin
2019-10-10 19:15:32,475 [HttpClient,https://repo.maven.apache.org/maven2/org/multiverse/multiverse-beta/0.7-RC-1/multiverse-beta-0.7-RC-1.pom] INFO  a.bnd.build.LoggingProgressPlugin - Download https://repo.maven.apache.org/maven2/org/multiverse/multiverse-beta/0.7-RC-1/multiverse-beta-0.7-RC-1.pom
2019-10-10 19:15:32,836 [HttpClient,https://repo.maven.apache.org/maven2/org/slf4j/slf4j-api/1.6.4/slf4j-api-1.6.4-sources.jar] INFO  a.bnd.build.LoggingProgressPlugin - Download https://repo.maven.apache.org/maven2/org/slf4j/slf4j-api/1.6.4/slf4j-api-1.6.4-sources.jar
2019-10-10 19:15:33,109 [HttpClient,https://repo.maven.apache.org/maven2/org/multiverse/multiverse-beta/0.7-RC-1/multiverse-beta-0.7-RC-1.pom.sha1] INFO  a.bnd.build.LoggingProgressPlugin - Download https://repo.maven.apache.org/maven2/org/multiverse/multiverse-beta/0.7-RC-1/multiverse-beta-0.7-RC-1.pom.sha1
2019-10-10 19:15:33,111 [HttpClient,https://repo.maven.apache.org/maven2/xml-apis/xml-apis/2.6.2/xml-apis-2.6.2.jar] INFO  a.bnd.build.LoggingProgressPlugin - Download https://repo.maven.apache.org/maven2/xml-apis/xml-apis/2.6.2/xml-apis-2.6.2.jar
2019-10-10 19:15:33,111 [HttpClient,https://repo.maven.apache.org/maven2/xerces/xerces-impl/2.6.2/xerces-impl-2.6.2.jar] INFO  a.bnd.build.LoggingProgressPlugin - Download https://repo.maven.apache.org/maven2/xerces/xerces-impl/2.6.2/xerces-impl-2.6.2.jar
2019-10-10 19:15:33,135 [Bnd-Executor,pool-4-thread-13] INFO  a.m.provider.MavenRemoteRepository - Retrying invalid download: Invalid content checksum DDC682A2B219FCB896732E8FF3546415D708E12E for C:\Users\krire\.m2\repository\org\multiverse\multiverse-beta\0.7-RC-1\multiverse-beta-0.7-RC-1.pom; expected 7c798b9edd7a744e042def51c31eef256556eee6. delay=1000, retries=3
2019-10-10 19:15:33,136 [HttpClient,https://repo.maven.apache.org/maven2/org/slf4j/slf4j-api/1.6.4/slf4j-api-1.6.4-sources.jar.sha1] INFO  a.bnd.build.LoggingProgressPlugin - Download https://repo.maven.apache.org/maven2/org/slf4j/slf4j-api/1.6.4/slf4j-api-1.6.4-sources.jar.sha1
2019-10-10 19:15:33,139 [HttpClient,https://repo.maven.apache.org/maven2/org/apache/servicemix/bundles/org.apache.servicemix.bundles.junit/4.12_1/org.apache.servicemix.bundles.junit-4.12_1-sources.jar] INFO  a.bnd.build.LoggingProgressPlugin - Download https://repo.maven.apache.org/maven2/org/apache/servicemix/bundles/org.apache.servicemix.bundles.junit/4.12_1/org.apache.servicemix.bundles.junit-4.12_1-sources.jar
2019-10-10 19:15:33,362 [HttpClient,https://repo.maven.apache.org/maven2/org/apache/servicemix/bundles/org.apache.servicemix.bundles.junit/4.12_1/org.apache.servicemix.bundles.junit-4.12_1-sources.jar.sha1] INFO  a.bnd.build.LoggingProgressPlugin - Download https://repo.maven.apache.org/maven2/org/apache/servicemix/bundles/org.apache.servicemix.bundles.junit/4.12_1/org.apache.servicemix.bundles.junit-4.12_1-sources.jar.sha1
2019-10-10 19:15:33,363 [HttpClient,https://repo.maven.apache.org/maven2/org/mockito/mockito-core/2.17.0/mockito-core-2.17.0-sources.jar] INFO  a.bnd.build.LoggingProgressPlugin - Download https://repo.maven.apache.org/maven2/org/mockito/mockito-core/2.17.0/mockito-core-2.17.0-sources.jar
2019-10-10 19:15:33,669 [HttpClient,https://repo.maven.apache.org/maven2/org/mockito/mockito-core/2.17.0/mockito-core-2.17.0-sources.jar.sha1] INFO  a.bnd.build.LoggingProgressPlugin - Download https://repo.maven.apache.org/maven2/org/mockito/mockito-core/2.17.0/mockito-core-2.17.0-sources.jar.sha1
2019-10-10 19:15:33,672 [HttpClient,https://repo.maven.apache.org/maven2/net/bytebuddy/byte-buddy/1.8.0/byte-buddy-1.8.0-sources.jar] INFO  a.bnd.build.LoggingProgressPlugin - Download https://repo.maven.apache.org/maven2/net/bytebuddy/byte-buddy/1.8.0/byte-buddy-1.8.0-sources.jar
2019-10-10 19:15:33,986 [Bnd-Executor,pool-4-thread-73] INFO  aQute.bnd.http.HttpClient - Retrying failed connection. url=https://repo.maven.apache.org/maven2/org/codehaus/janino/commons-compiler/${project.parent.version}/commons-compiler-${project.parent.version}.pom, message=Illegal character in path at index 75: https://repo.maven.apache.org/maven2/org/codehaus/janino/commons-compiler/${project.parent.version}/commons-compiler-${project.parent.version}.pom, delay=4000, retries=1
2019-10-10 19:15:33,986 [Bnd-Executor,pool-4-thread-1] INFO  aQute.bnd.http.HttpClient - Retrying failed connection. url=https://repo.maven.apache.org/maven2/org/apache/aries/tx-control/tx-control-provider-common/${project.parent.version}/tx-control-provider-common-${project.parent.version}.pom, message=Illegal character in path at index 93: https://repo.maven.apache.org/maven2/org/apache/aries/tx-control/tx-control-provider-common/${project.parent.version}/tx-control-provider-common-${project.parent.version}.pom, delay=4000, retries=1
2019-10-10 19:15:34,114 [HttpClient,https://repo.maven.apache.org/maven2/net/bytebuddy/byte-buddy/1.8.0/byte-buddy-1.8.0-sources.jar.sha1] INFO  a.bnd.build.LoggingProgressPlugin - Download https://repo.maven.apache.org/maven2/net/bytebuddy/byte-buddy/1.8.0/byte-buddy-1.8.0-sources.jar.sha1
2019-10-10 19:15:34,115 [HttpClient,https://repo.maven.apache.org/maven2/net/bytebuddy/byte-buddy-agent/1.8.0/byte-buddy-agent-1.8.0-sources.jar] INFO  a.bnd.build.LoggingProgressPlugin - Download https://repo.maven.apache.org/maven2/net/bytebuddy/byte-buddy-agent/1.8.0/byte-buddy-agent-1.8.0-sources.jar
2019-10-10 19:15:34,136 [HttpClient,https://repo.maven.apache.org/maven2/org/multiverse/multiverse-beta/0.7-RC-1/multiverse-beta-0.7-RC-1.pom] INFO  a.bnd.build.LoggingProgressPlugin - Download https://repo.maven.apache.org/maven2/org/multiverse/multiverse-beta/0.7-RC-1/multiverse-beta-0.7-RC-1.pom
2019-10-10 19:15:34,163 [HttpClient,https://repo.maven.apache.org/maven2/org/multiverse/multiverse-beta/0.7-RC-1/multiverse-beta-0.7-RC-1.pom.sha1] INFO  a.bnd.build.LoggingProgressPlugin - Download https://repo.maven.apache.org/maven2/org/multiverse/multiverse-beta/0.7-RC-1/multiverse-beta-0.7-RC-1.pom.sha1
2019-10-10 19:15:34,184 [Bnd-Executor,pool-4-thread-36] INFO  a.m.provider.MavenRemoteRepository - Retrying invalid download: Invalid content checksum DDC682A2B219FCB896732E8FF3546415D708E12E for C:\Users\krire\.m2\repository\org\multiverse\multiverse-beta\0.7-RC-1\multiverse-beta-0.7-RC-1.pom; expected 7c798b9edd7a744e042def51c31eef256556eee6. delay=2000, retries=2
2019-10-10 19:15:34,254 [HttpClient,https://repo.maven.apache.org/maven2/net/bytebuddy/byte-buddy-agent/1.8.0/byte-buddy-agent-1.8.0-sources.jar.sha1] INFO  a.bnd.build.LoggingProgressPlugin - Download https://repo.maven.apache.org/maven2/net/bytebuddy/byte-buddy-agent/1.8.0/byte-buddy-agent-1.8.0-sources.jar.sha1
2019-10-10 19:15:34,325 [HttpClient,https://repo.maven.apache.org/maven2/org/apache/aries/spec/org.apache.aries.javax.jax.rs-api/1.0.0/org.apache.aries.javax.jax.rs-api-1.0.0-sources.jar] INFO  a.bnd.build.LoggingProgressPlugin - Download https://repo.maven.apache.org/maven2/org/apache/aries/spec/org.apache.aries.javax.jax.rs-api/1.0.0/org.apache.aries.javax.jax.rs-api-1.0.0-sources.jar
2019-10-10 19:15:34,488 [HttpClient,https://repo.maven.apache.org/maven2/org/apache/aries/spec/org.apache.aries.javax.jax.rs-api/1.0.0/org.apache.aries.javax.jax.rs-api-1.0.0-sources.jar.sha1] INFO  a.bnd.build.LoggingProgressPlugin - Download https://repo.maven.apache.org/maven2/org/apache/aries/spec/org.apache.aries.javax.jax.rs-api/1.0.0/org.apache.aries.javax.jax.rs-api-1.0.0-sources.jar.sha1
2019-10-10 19:15:36,187 [HttpClient,https://repo.maven.apache.org/maven2/org/multiverse/multiverse-beta/0.7-RC-1/multiverse-beta-0.7-RC-1.pom] INFO  a.bnd.build.LoggingProgressPlugin - Download https://repo.maven.apache.org/maven2/org/multiverse/multiverse-beta/0.7-RC-1/multiverse-beta-0.7-RC-1.pom
2019-10-10 19:15:36,207 [HttpClient,https://repo.maven.apache.org/maven2/org/multiverse/multiverse-beta/0.7-RC-1/multiverse-beta-0.7-RC-1.pom.sha1] INFO  a.bnd.build.LoggingProgressPlugin - Download https://repo.maven.apache.org/maven2/org/multiverse/multiverse-beta/0.7-RC-1/multiverse-beta-0.7-RC-1.pom.sha1
2019-10-10 19:15:36,227 [Bnd-Executor,pool-4-thread-47] INFO  a.m.provider.MavenRemoteRepository - Retrying invalid download: Invalid content checksum DDC682A2B219FCB896732E8FF3546415D708E12E for C:\Users\krire\.m2\repository\org\multiverse\multiverse-beta\0.7-RC-1\multiverse-beta-0.7-RC-1.pom; expected 7c798b9edd7a744e042def51c31eef256556eee6. delay=4000, retries=1
2019-10-10 19:15:40,229 [HttpClient,https://repo.maven.apache.org/maven2/org/multiverse/multiverse-beta/0.7-RC-1/multiverse-beta-0.7-RC-1.pom] INFO  a.bnd.build.LoggingProgressPlugin - Download https://repo.maven.apache.org/maven2/org/multiverse/multiverse-beta/0.7-RC-1/multiverse-beta-0.7-RC-1.pom
2019-10-10 19:15:40,257 [HttpClient,https://repo.maven.apache.org/maven2/org/multiverse/multiverse-beta/0.7-RC-1/multiverse-beta-0.7-RC-1.pom.sha1] INFO  a.bnd.build.LoggingProgressPlugin - Download https://repo.maven.apache.org/maven2/org/multiverse/multiverse-beta/0.7-RC-1/multiverse-beta-0.7-RC-1.pom.sha1
2019-10-10 19:15:40,618 [Worker-2: Load repositories] INFO  a.b.d.repository.ReporterLogService - Local not saving because files are identical except increment
2019-10-10 19:15:40,626 [Worker-2: Load repositories] INFO  a.b.d.repository.ReporterLogService - Templates not saving because files are identical except increment
2019-10-10 19:15:40,627 [Worker-2: Load repositories] INFO  a.b.d.repository.ReporterLogService - Release not saving because files are identical except increment
